<?xml version="1.0" encoding="UTF-8" ?>
<testsuite tests="7" failures="0" name="coursework_question2.CarJTest" time="0.005" errors="0" skipped="0">
  <properties>
[...]
</properties>
  <testcase classname="coursework_question2.CarJTest" name="coursework_testInvalidCarName" time="0.002"/>
  <testcase classname="coursework_question2.CarJTest" name="coursework_testInvalidCarPrice" time="0"/>
  <testcase classname="coursework_question2.CarJTest" name="coursework_testToString" time="0"/>
  <testcase classname="coursework_question2.CarJTest" name="coursework_testDisplayCarSpecification" time="0.001"/>
  <testcase classname="coursework_question2.CarJTest" name="coursework_testCarConstruction" time="0.002"/>
  <testcase classname="coursework_question2.CarJTest" name="coursework_testInvalidCarID" time="0"/>
  <testcase classname="coursework_question2.CarJTest" name="coursework_testSetCarProperties" time="0"/>
</testsuite>